d:\code\vsprojects\windows\qthello\x64\release\fisheye.obj
d:\code\vsprojects\windows\qthello\x64\release\optical_flow.obj
d:\code\vsprojects\windows\qthello\x64\release\face_detection.obj
d:\code\vsprojects\windows\qthello\x64\release\camshift.obj
d:\code\vsprojects\windows\qthello\x64\release\basic_img.obj
d:\code\vsprojects\windows\qthello\x64\release\advance_img.obj
d:\code\vsprojects\windows\qthello\x64\release\need_save.obj
d:\code\vsprojects\windows\qthello\x64\release\moc_select_pic_first.obj
d:\code\vsprojects\windows\qthello\x64\release\moc_selectpart.obj
d:\code\vsprojects\windows\qthello\x64\release\moc_need_save.obj
d:\code\vsprojects\windows\qthello\x64\release\moc_capturescreen.obj
d:\code\vsprojects\windows\qthello\generatedfiles\release\moc_selectpart.cpp
d:\code\vsprojects\windows\qthello\generatedfiles\release\moc_capturescreen.cpp
d:\code\vsprojects\windows\qthello\generatedfiles\release\moc_select_pic_first.cpp
d:\code\vsprojects\windows\qthello\generatedfiles\release\moc_need_save.cpp
d:\code\vsprojects\windows\qthello\generatedfiles\ui_need_save.h
d:\code\vsprojects\windows\qthello\generatedfiles\ui_select_pic_first.h
d:\code\vsprojects\windows\qthello\generatedfiles\ui_mainwindow.h
d:\code\vsprojects\windows\qthello\x64\release\qthello.tlog\cl.command.1.tlog
d:\code\vsprojects\windows\qthello\x64\release\qthello.tlog\cl.read.1.tlog
d:\code\vsprojects\windows\qthello\x64\release\qthello.tlog\cl.write.1.tlog
d:\code\vsprojects\windows\qthello\x64\release\qthello.tlog\custombuild.command.1.tlog
d:\code\vsprojects\windows\qthello\x64\release\qthello.tlog\custombuild.read.1.tlog
d:\code\vsprojects\windows\qthello\x64\release\qthello.tlog\custombuild.write.1.tlog
