d:\code\vsprojects\windows\qthello\x64\debug\vc141.pdb
d:\code\vsprojects\windows\qthello\x64\debug\fisheye.obj
d:\code\vsprojects\windows\qthello\x64\debug\optical_flow.obj
d:\code\vsprojects\windows\qthello\x64\debug\face_detection.obj
d:\code\vsprojects\windows\qthello\x64\debug\camshift.obj
d:\code\vsprojects\windows\qthello\x64\debug\basic_img.obj
d:\code\vsprojects\windows\qthello\x64\debug\advance_img.obj
d:\code\vsprojects\windows\qthello\x64\debug\select_pic_first.obj
d:\code\vsprojects\windows\qthello\x64\debug\need_save.obj
d:\code\vsprojects\windows\qthello\x64\debug\mainwindow.obj
d:\code\vsprojects\windows\qthello\x64\debug\main.obj
d:\code\vsprojects\windows\qthello\x64\debug\moc_select_pic_first.obj
d:\code\vsprojects\windows\qthello\x64\debug\moc_selectpart.obj
d:\code\vsprojects\windows\qthello\x64\debug\moc_need_save.obj
d:\code\vsprojects\windows\qthello\x64\debug\moc_mainwindow.obj
d:\code\vsprojects\windows\qthello\x64\debug\moc_capturescreen.obj
d:\code\vsprojects\windows\qthello\x64\debug\capturescreen.obj
d:\code\vsprojects\windows\qthello\generatedfiles\debug\moc_selectpart.cpp
d:\code\vsprojects\windows\qthello\generatedfiles\debug\moc_capturescreen.cpp
d:\code\vsprojects\windows\qthello\generatedfiles\debug\moc_select_pic_first.cpp
d:\code\vsprojects\windows\qthello\generatedfiles\debug\moc_need_save.cpp
d:\code\vsprojects\windows\qthello\generatedfiles\ui_need_save.h
d:\code\vsprojects\windows\qthello\generatedfiles\ui_select_pic_first.h
d:\code\vsprojects\windows\qthello\generatedfiles\debug\moc_mainwindow.cpp
d:\code\vsprojects\windows\qthello\generatedfiles\ui_mainwindow.h
d:\code\vsprojects\windows\x64\debug\qthello.exe
d:\code\vsprojects\windows\x64\debug\qthello.ilk
d:\code\vsprojects\windows\x64\debug\qthello.pdb
d:\code\vsprojects\windows\qthello\x64\debug\qthello.tlog\cl.command.1.tlog
d:\code\vsprojects\windows\qthello\x64\debug\qthello.tlog\cl.read.1.tlog
d:\code\vsprojects\windows\qthello\x64\debug\qthello.tlog\cl.write.1.tlog
d:\code\vsprojects\windows\qthello\x64\debug\qthello.tlog\custombuild.command.1.tlog
d:\code\vsprojects\windows\qthello\x64\debug\qthello.tlog\custombuild.read.1.tlog
d:\code\vsprojects\windows\qthello\x64\debug\qthello.tlog\custombuild.write.1.tlog
d:\code\vsprojects\windows\qthello\x64\debug\qthello.tlog\link.command.1.tlog
d:\code\vsprojects\windows\qthello\x64\debug\qthello.tlog\link.read.1.tlog
d:\code\vsprojects\windows\qthello\x64\debug\qthello.tlog\link.write.1.tlog
