  Moc'ing selectpart.h...
  Moc'ing capturescreen.h...
  Moc'ing select_pic_first.h...
  Moc'ing need_save.h...
  Moc'ing mainwindow.h...
  Uic'ing mainwindow.ui...
D:\code\VSprojects\Windows\QtHello\mainwindow.ui : warning : The name 'layoutWidget' (QWidget) is already in use, defaulting to 'layoutWidget1'.
D:\code\VSprojects\Windows\QtHello\mainwindow.ui : warning : The name 'layoutWidget' (QWidget) is already in use, defaulting to 'layoutWidget2'.
D:\code\VSprojects\Windows\QtHello\mainwindow.ui : warning : The name 'layoutWidget' (QWidget) is already in use, defaulting to 'layoutWidget3'.
D:\code\VSprojects\Windows\QtHello\mainwindow.ui : warning : The name 'layoutWidget' (QWidget) is already in use, defaulting to 'layoutWidget4'.
  Uic'ing need_save.ui...
  Uic'ing select_pic_first.ui...
  capturescreen.cpp
capturescreen.cpp : warning C4819: The file contains a character that cannot be represented in the current code page (936). Save the file in Unicode format to prevent data loss
.\capturescreen.h : warning C4819: The file contains a character that cannot be represented in the current code page (936). Save the file in Unicode format to prevent data loss
d:\code\vsprojects\windows\qthello\include/basic_img.h : warning C4819: The file contains a character that cannot be represented in the current code page (936). Save the file in Unicode format to prevent data loss
d:\code\vsprojects\windows\qthello\include\IPP_Core.h : warning C4819: The file contains a character that cannot be represented in the current code page (936). Save the file in Unicode format to prevent data loss
  moc_capturescreen.cpp
d:\code\vsprojects\windows\qthello\generatedfiles\release\../../capturescreen.h : warning C4819: The file contains a character that cannot be represented in the current code page (936). Save the file in Unicode format to prevent data loss
d:\code\vsprojects\windows\qthello\include/basic_img.h : warning C4819: The file contains a character that cannot be represented in the current code page (936). Save the file in Unicode format to prevent data loss
d:\code\vsprojects\windows\qthello\include\IPP_Core.h : warning C4819: The file contains a character that cannot be represented in the current code page (936). Save the file in Unicode format to prevent data loss
  moc_mainwindow.cpp
.\capturescreen.h : warning C4819: The file contains a character that cannot be represented in the current code page (936). Save the file in Unicode format to prevent data loss
d:\code\vsprojects\windows\qthello\include/basic_img.h : warning C4819: The file contains a character that cannot be represented in the current code page (936). Save the file in Unicode format to prevent data loss
d:\code\vsprojects\windows\qthello\include\IPP_Core.h : warning C4819: The file contains a character that cannot be represented in the current code page (936). Save the file in Unicode format to prevent data loss
  moc_need_save.cpp
  moc_selectpart.cpp
  moc_select_pic_first.cpp
  main.cpp
.\capturescreen.h : warning C4819: The file contains a character that cannot be represented in the current code page (936). Save the file in Unicode format to prevent data loss
d:\code\vsprojects\windows\qthello\include/basic_img.h : warning C4819: The file contains a character that cannot be represented in the current code page (936). Save the file in Unicode format to prevent data loss
d:\code\vsprojects\windows\qthello\include\IPP_Core.h : warning C4819: The file contains a character that cannot be represented in the current code page (936). Save the file in Unicode format to prevent data loss
  mainwindow.cpp
mainwindow.cpp : warning C4819: The file contains a character that cannot be represented in the current code page (936). Save the file in Unicode format to prevent data loss
.\capturescreen.h : warning C4819: The file contains a character that cannot be represented in the current code page (936). Save the file in Unicode format to prevent data loss
d:\code\vsprojects\windows\qthello\include/basic_img.h : warning C4819: The file contains a character that cannot be represented in the current code page (936). Save the file in Unicode format to prevent data loss
d:\code\vsprojects\windows\qthello\include\IPP_Core.h : warning C4819: The file contains a character that cannot be represented in the current code page (936). Save the file in Unicode format to prevent data loss
d:\code\vsprojects\windows\qthello\include/IPP_World.h : warning C4819: The file contains a character that cannot be represented in the current code page (936). Save the file in Unicode format to prevent data loss
d:\code\vsprojects\windows\qthello\include\advance_img.h : warning C4819: The file contains a character that cannot be represented in the current code page (936). Save the file in Unicode format to prevent data loss
d:\code\vsprojects\windows\qthello\include\video/fisheye.h : warning C4819: The file contains a character that cannot be represented in the current code page (936). Save the file in Unicode format to prevent data loss
d:\code\vsprojects\windows\qthello\include\video.h : warning C4819: The file contains a character that cannot be represented in the current code page (936). Save the file in Unicode format to prevent data loss
d:\code\vsprojects\windows\qthello\include\camera.h : warning C4819: The file contains a character that cannot be represented in the current code page (936). Save the file in Unicode format to prevent data loss
d:\code\vsprojects\windows\qthello\include\camera/camshift.h : warning C4819: The file contains a character that cannot be represented in the current code page (936). Save the file in Unicode format to prevent data loss
d:\code\vsprojects\windows\qthello\include\camera/optical_flow.h : warning C4819: The file contains a character that cannot be represented in the current code page (936). Save the file in Unicode format to prevent data loss
d:\code\vsprojects\windows\qthello\include\IPP_World.h : warning C4819: The file contains a character that cannot be represented in the current code page (936). Save the file in Unicode format to prevent data loss
d:\code\vsprojects\windows\qthello\include\camera/face_detection.h : warning C4819: The file contains a character that cannot be represented in the current code page (936). Save the file in Unicode format to prevent data loss
  need_save.cpp
  select_pic_first.cpp
.\capturescreen.h : warning C4819: The file contains a character that cannot be represented in the current code page (936). Save the file in Unicode format to prevent data loss
d:\code\vsprojects\windows\qthello\include/basic_img.h : warning C4819: The file contains a character that cannot be represented in the current code page (936). Save the file in Unicode format to prevent data loss
d:\code\vsprojects\windows\qthello\include\IPP_Core.h : warning C4819: The file contains a character that cannot be represented in the current code page (936). Save the file in Unicode format to prevent data loss
  advance_img.cpp
src\advance_img.cpp : warning C4819: The file contains a character that cannot be represented in the current code page (936). Save the file in Unicode format to prevent data loss
D:\code\VSprojects\Windows\QtHello\include\advance_img.h : warning C4819: The file contains a character that cannot be represented in the current code page (936). Save the file in Unicode format to prevent data loss
d:\code\vsprojects\windows\qthello\include\IPP_Core.h : warning C4819: The file contains a character that cannot be represented in the current code page (936). Save the file in Unicode format to prevent data loss
d:\code\vsprojects\windows\qthello\include\video/fisheye.h : warning C4819: The file contains a character that cannot be represented in the current code page (936). Save the file in Unicode format to prevent data loss
  basic_img.cpp
src\basic_img.cpp : warning C4819: The file contains a character that cannot be represented in the current code page (936). Save the file in Unicode format to prevent data loss
D:\code\VSprojects\Windows\QtHello\include\basic_img.h : warning C4819: The file contains a character that cannot be represented in the current code page (936). Save the file in Unicode format to prevent data loss
d:\code\vsprojects\windows\qthello\include\IPP_Core.h : warning C4819: The file contains a character that cannot be represented in the current code page (936). Save the file in Unicode format to prevent data loss
  camshift.cpp
src\camera\camshift.cpp : warning C4819: The file contains a character that cannot be represented in the current code page (936). Save the file in Unicode format to prevent data loss
D:\code\VSprojects\Windows\QtHello\include\camera/camshift.h : warning C4819: The file contains a character that cannot be represented in the current code page (936). Save the file in Unicode format to prevent data loss
D:\code\VSprojects\Windows\QtHello\include\IPP_Core.h : warning C4819: The file contains a character that cannot be represented in the current code page (936). Save the file in Unicode format to prevent data loss
  face_detection.cpp
src\camera\face_detection.cpp : warning C4819: The file contains a character that cannot be represented in the current code page (936). Save the file in Unicode format to prevent data loss
D:\code\VSprojects\Windows\QtHello\include\camera/face_detection.h : warning C4819: The file contains a character that cannot be represented in the current code page (936). Save the file in Unicode format to prevent data loss
D:\code\VSprojects\Windows\QtHello\include\IPP_Core.h : warning C4819: The file contains a character that cannot be represented in the current code page (936). Save the file in Unicode format to prevent data loss
  optical_flow.cpp
src\camera\optical_flow.cpp : warning C4819: The file contains a character that cannot be represented in the current code page (936). Save the file in Unicode format to prevent data loss
D:\code\VSprojects\Windows\QtHello\include\camera/optical_flow.h : warning C4819: The file contains a character that cannot be represented in the current code page (936). Save the file in Unicode format to prevent data loss
D:\code\VSprojects\Windows\QtHello\include\IPP_World.h : warning C4819: The file contains a character that cannot be represented in the current code page (936). Save the file in Unicode format to prevent data loss
d:\code\vsprojects\windows\qthello\include\basic_img.h : warning C4819: The file contains a character that cannot be represented in the current code page (936). Save the file in Unicode format to prevent data loss
d:\code\vsprojects\windows\qthello\include\IPP_Core.h : warning C4819: The file contains a character that cannot be represented in the current code page (936). Save the file in Unicode format to prevent data loss
d:\code\vsprojects\windows\qthello\include\advance_img.h : warning C4819: The file contains a character that cannot be represented in the current code page (936). Save the file in Unicode format to prevent data loss
d:\code\vsprojects\windows\qthello\include\video/fisheye.h : warning C4819: The file contains a character that cannot be represented in the current code page (936). Save the file in Unicode format to prevent data loss
d:\code\vsprojects\windows\qthello\include\video.h : warning C4819: The file contains a character that cannot be represented in the current code page (936). Save the file in Unicode format to prevent data loss
d:\code\vsprojects\windows\qthello\include\camera.h : warning C4819: The file contains a character that cannot be represented in the current code page (936). Save the file in Unicode format to prevent data loss
d:\code\vsprojects\windows\qthello\include\camera/camshift.h : warning C4819: The file contains a character that cannot be represented in the current code page (936). Save the file in Unicode format to prevent data loss
d:\code\vsprojects\windows\qthello\include\camera/optical_flow.h : warning C4819: The file contains a character that cannot be represented in the current code page (936). Save the file in Unicode format to prevent data loss
d:\code\vsprojects\windows\qthello\include\camera/face_detection.h : warning C4819: The file contains a character that cannot be represented in the current code page (936). Save the file in Unicode format to prevent data loss
  fisheye.cpp
src\fisheye\fisheye.cpp : warning C4819: The file contains a character that cannot be represented in the current code page (936). Save the file in Unicode format to prevent data loss
D:\code\VSprojects\Windows\QtHello\include\video/fisheye.h : warning C4819: The file contains a character that cannot be represented in the current code page (936). Save the file in Unicode format to prevent data loss
D:\code\VSprojects\Windows\QtHello\include\IPP_Core.h : warning C4819: The file contains a character that cannot be represented in the current code page (936). Save the file in Unicode format to prevent data loss
  Generating Code...
  QtHello.vcxproj -> D:\code\VSprojects\Windows\x64\Release\QtHello.exe
